Mon, 10 Aug 2020 11:31:45 -0400-acces direct a ce fichier est interdit
Mon, 10 Aug 2020 11:31:45 -0400-acces direct a ce fichier est interdit
Mon, 10 Aug 2020 12:18:48 -0400-acces direct a ce fichier est interdit-::1
Mon, 10 Aug 2020 12:18:49 -0400-acces direct a ce fichier est interdit-::1
Mon, 10 Aug 2020 12:23:48 -0400-acces direct a ce fichier est interdit-::1
Mon, 10 Aug 2020 12:26:21 -0400-acces direct a ce fichier est interdit
Mon, 10 Aug 2020 12:31:38 -0400-acces direct a ce fichier est interdit-ip:::1
Mon, 10 Aug 2020 12:31:38 -0400-acces direct a ce fichier est interdit-ip:::1
Mon, 10 Aug 2020 12:32:32 -0400-acces direct a ce fichier est interdit-ip-::1
Mon, 10 Aug 2020 12:33:11 -0400-acces direct a ce fichier est interdit-ip-::1
Mon, 10 Aug 2020 12:33:21 -0400-acces direct a ce fichier est interdit-ip-::1
Mon, 10 Aug 2020 12:33:22 -0400-acces direct a ce fichier est interdit-ip-::1
Mon, 10 Aug 2020 12:57:46 -0400-operation invalide-ip-::1
Wed, 12 Aug 2020 12:37:39 -0400-vous devez etre connectez pour acceder a cette page-ip-::1
Thu, 13 Aug 2020 08:24:33 -0400-vous devez etre connectez pour acceder a cette page-ip-::1
Sun, 16 Aug 2020 17:07:06 -0400-vous devez etre connectez pour acceder a cette page-ip-::1
Sun, 16 Aug 2020 17:07:11 -0400-vous devez etre connectez pour acceder a cette page-ip-::1
Sun, 16 Aug 2020 17:07:21 -0400-operation invalide-ip-::1
Sun, 16 Aug 2020 17:07:33 -0400-operation invalide-ip-::1
Sun, 16 Aug 2020 17:13:03 -0400-operation invalide-ip-::1
Mon, 17 Aug 2020 09:34:01 -0400-vous devez etre connectez pour acceder a cette page-ip-::1
Wed, 19 Aug 2020 08:21:42 -0400-vous devez etre connectez pour acceder a cette page-ip-::1
Thu, 20 Aug 2020 10:55:28 -0400-vous devez etre connectez pour acceder a cette page-ip-::1
